
=== Wed Oct 23 22:24:05 2019

Packages were changed.
Update Mode: updateDependencies

The following packages were added:
  com.unity.2d.tilemap@1.0.0
  com.unity.collab-proxy@1.2.16
  com.unity.ext.nunit@1.0.0
  com.unity.test-framework@1.0.13
  com.unity.timeline@1.1.0
  com.unity.2d.sprite@1.0.0
  com.unity.ide.vscode@1.1.2
  com.unity.ide.rider@1.1.0
  com.unity.ugui@1.0.0
  com.unity.modules.androidjni@1.0.0
  com.unity.multiplayer-hlapi@1.0.2
  com.unity.xr.legacyinputhelpers@2.0.2
The following packages were updated:
  com.unity.analytics from version 2.0.16 to 3.3.2
  com.unity.package-manager-ui from version 1.9.11 to 2.2.0
  com.unity.purchasing from version 2.0.3 to 2.0.6
  com.unity.textmeshpro from version 1.2.4 to 2.0.1

=== Thu Oct 24 21:37:49 2019

Packages were changed.
Update Mode: resetToDefaultDependencies

The following packages were removed:
  com.unity.2d.sprite@1.0.0
  com.unity.2d.tilemap@1.0.0
  com.unity.ads@2.0.8
  com.unity.analytics@3.3.2
  com.unity.multiplayer-hlapi@1.0.2
  com.unity.purchasing@2.0.6
  com.unity.xr.legacyinputhelpers@2.0.2

=== Thu Oct 24 21:42:25 2019

Packages were changed.
Update Mode: resetToDefaultDependencies

The following packages were added:
  com.unity.textmeshpro@2.0.1
  com.unity.collab-proxy@1.2.16
  com.unity.ext.nunit@1.0.0
  com.unity.test-framework@1.0.13
  com.unity.timeline@1.1.0
  com.unity.ide.vscode@1.1.2
  com.unity.ide.rider@1.1.0
  com.unity.ugui@1.0.0

=== Thu Oct 24 21:50:57 2019

Packages were changed.
Update Mode: resetToDefaultDependencies

The following packages were added:
  com.unity.textmeshpro@2.0.1
  com.unity.collab-proxy@1.2.16
  com.unity.ext.nunit@1.0.0
  com.unity.test-framework@1.0.13
  com.unity.timeline@1.1.0
  com.unity.ide.rider@1.1.0
